[2025-02-12T20:25:02.563+0000] {local_task_job_runner.py:120} INFO - ::group::Pre task execution logs
[2025-02-12T20:25:02.580+0000] {taskinstance.py:2076} INFO - Dependencies all met for dep_context=non-requeueable deps ti=<TaskInstance: call_omdb_api.teste scheduled__2025-02-12T20:23:00+00:00 [queued]>
[2025-02-12T20:25:02.587+0000] {taskinstance.py:2076} INFO - Dependencies all met for dep_context=requeueable deps ti=<TaskInstance: call_omdb_api.teste scheduled__2025-02-12T20:23:00+00:00 [queued]>
[2025-02-12T20:25:02.587+0000] {taskinstance.py:2306} INFO - Starting attempt 2 of 2
[2025-02-12T20:25:02.598+0000] {taskinstance.py:2330} INFO - Executing <Task(BashOperator): teste> on 2025-02-12 20:23:00+00:00
[2025-02-12T20:25:02.603+0000] {warnings.py:110} WARNING - /home/***/.local/lib/python3.12/site-packages/***/task/task_runner/standard_task_runner.py:61: DeprecationWarning: This process (pid=465) is multi-threaded, use of fork() may lead to deadlocks in the child.
  pid = os.fork()

[2025-02-12T20:25:02.604+0000] {standard_task_runner.py:63} INFO - Started process 466 to run task
[2025-02-12T20:25:02.604+0000] {standard_task_runner.py:90} INFO - Running: ['***', 'tasks', 'run', 'call_omdb_api', 'teste', 'scheduled__2025-02-12T20:23:00+00:00', '--job-id', '114', '--raw', '--subdir', 'DAGS_FOLDER/call_api.py', '--cfg-path', '/tmp/tmppv_z3kjp']
[2025-02-12T20:25:02.605+0000] {standard_task_runner.py:91} INFO - Job 114: Subtask teste
[2025-02-12T20:25:02.642+0000] {task_command.py:426} INFO - Running <TaskInstance: call_omdb_api.teste scheduled__2025-02-12T20:23:00+00:00 [running]> on host 201af4902dc5
[2025-02-12T20:25:02.715+0000] {taskinstance.py:2648} INFO - Exporting env vars: AIRFLOW_CTX_DAG_OWNER='Celso Cazetto' AIRFLOW_CTX_DAG_ID='call_omdb_api' AIRFLOW_CTX_TASK_ID='teste' AIRFLOW_CTX_EXECUTION_DATE='2025-02-12T20:23:00+00:00' AIRFLOW_CTX_TRY_NUMBER='2' AIRFLOW_CTX_DAG_RUN_ID='scheduled__2025-02-12T20:23:00+00:00'
[2025-02-12T20:25:02.716+0000] {taskinstance.py:430} INFO - ::endgroup::
[2025-02-12T20:25:02.728+0000] {subprocess.py:63} INFO - Tmp dir root location: /tmp
[2025-02-12T20:25:02.729+0000] {subprocess.py:75} INFO - Running command: ['/usr/bin/bash', '-c', 'python /opt/***/pipeline/main.py']
[2025-02-12T20:25:02.738+0000] {subprocess.py:86} INFO - Output:
[2025-02-12T20:25:03.687+0000] {subprocess.py:93} INFO - Traceback (most recent call last):
[2025-02-12T20:25:03.688+0000] {subprocess.py:93} INFO -   File "/opt/***/pipeline/main.py", line 20, in <module>
[2025-02-12T20:25:03.689+0000] {subprocess.py:93} INFO -     with open(file_path2, 'r') as file:
[2025-02-12T20:25:03.689+0000] {subprocess.py:93} INFO -          ^^^^^^^^^^^^^^^^^^^^^
[2025-02-12T20:25:03.690+0000] {subprocess.py:93} INFO - FileNotFoundError: [Errno 2] No such file or directory: '/tmp/***tmpc6ysr6f6/pipeline/config.json'
[2025-02-12T20:25:03.791+0000] {subprocess.py:97} INFO - Command exited with return code 1
[2025-02-12T20:25:03.792+0000] {taskinstance.py:441} INFO - ::group::Post task execution logs
[2025-02-12T20:25:03.802+0000] {taskinstance.py:2905} ERROR - Task failed with exception
Traceback (most recent call last):
  File "/home/airflow/.local/lib/python3.12/site-packages/airflow/models/taskinstance.py", line 465, in _execute_task
    result = _execute_callable(context=context, **execute_callable_kwargs)
             ^^^^^^^^^^^^^^^^^^^^^^^^^^^^^^^^^^^^^^^^^^^^^^^^^^^^^^^^^^^^^
  File "/home/airflow/.local/lib/python3.12/site-packages/airflow/models/taskinstance.py", line 432, in _execute_callable
    return execute_callable(context=context, **execute_callable_kwargs)
           ^^^^^^^^^^^^^^^^^^^^^^^^^^^^^^^^^^^^^^^^^^^^^^^^^^^^^^^^^^^^
  File "/home/airflow/.local/lib/python3.12/site-packages/airflow/models/baseoperator.py", line 400, in wrapper
    return func(self, *args, **kwargs)
           ^^^^^^^^^^^^^^^^^^^^^^^^^^^
  File "/home/airflow/.local/lib/python3.12/site-packages/airflow/operators/bash.py", line 243, in execute
    raise AirflowException(
airflow.exceptions.AirflowException: Bash command failed. The command returned a non-zero exit code 1.
[2025-02-12T20:25:03.806+0000] {taskinstance.py:1206} INFO - Marking task as FAILED. dag_id=call_omdb_api, task_id=teste, run_id=scheduled__2025-02-12T20:23:00+00:00, execution_date=20250212T202300, start_date=20250212T202502, end_date=20250212T202503
[2025-02-12T20:25:03.820+0000] {standard_task_runner.py:110} ERROR - Failed to execute job 114 for task teste (Bash command failed. The command returned a non-zero exit code 1.; 466)
[2025-02-12T20:25:03.861+0000] {local_task_job_runner.py:240} INFO - Task exited with return code 1
[2025-02-12T20:25:03.875+0000] {taskinstance.py:3498} INFO - 0 downstream tasks scheduled from follow-on schedule check
[2025-02-12T20:25:03.878+0000] {local_task_job_runner.py:222} INFO - ::endgroup::
